<?xml version="1.0" encoding="UTF-8"?>
<!-- Generated by org.testng.reporters.JUnitReportReporter -->
<testsuite ignored="0" hostname="BIKRAM-PC" failures="0" tests="1" name="com.orange.test.LoginPageTest" time="7.323" errors="0" timestamp="02 Jul 2019 18:31:23 GMT" skipped="0">
  <testcase classname="com.orange.test.LoginPageTest" name="test23" time="7.323"/>
</testsuite> <!-- com.orange.test.LoginPageTest -->
